[16Jan2023 18:58:08.239] [main/INFO] [cpw.mods.modlauncher.Launcher/MODLAUNCHER]: ModLauncher running: args [--gameDir, ., --launchTarget, fmluserdevclient, --fml.mcpVersion, 20210115.111550, --fml.mcVersion, 1.16.5, --fml.forgeGroup, net.minecraftforge, --fml.forgeVersion, 36.2.39, --assetIndex, 1.16, --assetsDir, C:\Users\jasam\.gradle\caches\forge_gradle\assets, --version, MOD_DEV, --username, Dev, --accessToken, ❄❄❄❄❄❄❄❄, --userProperties, {}]
[16Jan2023 18:58:08.250] [main/INFO] [cpw.mods.modlauncher.Launcher/MODLAUNCHER]: ModLauncher 8.1.3+8.1.3+main-8.1.x.c94d18ec starting: java version 11.0.16.1 by Oracle Corporation
[16Jan2023 18:58:08.633] [main/INFO] [net.minecraftforge.fml.loading.FixSSL/CORE]: Added Lets Encrypt root certificates as additional trust
[16Jan2023 18:58:08.708] [main/INFO] [mixin/]: SpongePowered MIXIN Subsystem Version=0.8.4 Source=file:/C:/Users/jasam/.gradle/caches/modules-2/files-2.1/org.spongepowered/mixin/0.8.4/4ec7d77d9ab32596ca0b78bb123956734767e3a/mixin-0.8.4.jar Service=ModLauncher Env=CLIENT
[16Jan2023 18:58:09.804] [main/INFO] [STDERR/]: [jdk.nashorn.api.scripting.NashornScriptEngine:<init>:143]: Warning: Nashorn engine is planned to be removed from a future JDK release
[16Jan2023 18:58:09.898] [main/INFO] [STDERR/]: [jdk.nashorn.api.scripting.NashornScriptEngine:<init>:143]: Warning: Nashorn engine is planned to be removed from a future JDK release
[16Jan2023 18:58:09.905] [main/INFO] [STDERR/]: [jdk.nashorn.api.scripting.NashornScriptEngine:<init>:143]: Warning: Nashorn engine is planned to be removed from a future JDK release
[16Jan2023 18:58:10.600] [main/INFO] [cpw.mods.modlauncher.LaunchServiceHandler/MODLAUNCHER]: Launching target 'fmluserdevclient' with arguments [--version, MOD_DEV, --gameDir, ., --assetsDir, C:\Users\jasam\.gradle\caches\forge_gradle\assets, --assetIndex, 1.16, --username, Dev, --accessToken, ❄❄❄❄❄❄❄❄, --userProperties, {}]
[16Jan2023 18:58:11.040] [main/FATAL] [mixin/]: Mixin apply failed cgm.mixins.json:common.LivingEntityMixin -> net.minecraft.entity.LivingEntity: org.spongepowered.asm.mixin.injection.throwables.InvalidInjectionException Critical injection failure: @Inject annotation on capture could not find any targets matching 'Lnet/minecraft/entity/LivingEntity;func_70097_a(Lnet/minecraft/util/DamageSource;F)Z' in net.minecraft.entity.LivingEntity. Using refmap cgm.refmap.json [PREINJECT Applicator Phase -> cgm.mixins.json:common.LivingEntityMixin -> Prepare Injections ->  -> handler$zzi000$capture(Lnet/minecraft/util/DamageSource;FLorg/spongepowered/asm/mixin/injection/callback/CallbackInfoReturnable;)V -> Parse]
org.spongepowered.asm.mixin.injection.throwables.InvalidInjectionException: Critical injection failure: @Inject annotation on capture could not find any targets matching 'Lnet/minecraft/entity/LivingEntity;func_70097_a(Lnet/minecraft/util/DamageSource;F)Z' in net.minecraft.entity.LivingEntity. Using refmap cgm.refmap.json [PREINJECT Applicator Phase -> cgm.mixins.json:common.LivingEntityMixin -> Prepare Injections ->  -> handler$zzi000$capture(Lnet/minecraft/util/DamageSource;FLorg/spongepowered/asm/mixin/injection/callback/CallbackInfoReturnable;)V -> Parse]
	at org.spongepowered.asm.mixin.injection.struct.InjectionInfo.validateTargets(InjectionInfo.java:656) ~[mixin-0.8.4.jar:0.8.4+Jenkins-b308.git-2accda5000f7602229606b39437565542cc6fba4]
	at org.spongepowered.asm.mixin.injection.struct.InjectionInfo.findTargets(InjectionInfo.java:587) ~[mixin-0.8.4.jar:0.8.4+Jenkins-b308.git-2accda5000f7602229606b39437565542cc6fba4]
	at org.spongepowered.asm.mixin.injection.struct.InjectionInfo.readAnnotation(InjectionInfo.java:330) ~[mixin-0.8.4.jar:0.8.4+Jenkins-b308.git-2accda5000f7602229606b39437565542cc6fba4]
	at org.spongepowered.asm.mixin.injection.struct.InjectionInfo.<init>(InjectionInfo.java:316) ~[mixin-0.8.4.jar:0.8.4+Jenkins-b308.git-2accda5000f7602229606b39437565542cc6fba4]
	at org.spongepowered.asm.mixin.injection.struct.InjectionInfo.<init>(InjectionInfo.java:308) ~[mixin-0.8.4.jar:0.8.4+Jenkins-b308.git-2accda5000f7602229606b39437565542cc6fba4]
	at org.spongepowered.asm.mixin.injection.struct.CallbackInjectionInfo.<init>(CallbackInjectionInfo.java:46) ~[mixin-0.8.4.jar:0.8.4+Jenkins-b308.git-2accda5000f7602229606b39437565542cc6fba4]
	at jdk.internal.reflect.NativeConstructorAccessorImpl.newInstance0(Native Method) ~[?:?]
	at jdk.internal.reflect.NativeConstructorAccessorImpl.newInstance(NativeConstructorAccessorImpl.java:62) ~[?:?]
	at jdk.internal.reflect.DelegatingConstructorAccessorImpl.newInstance(DelegatingConstructorAccessorImpl.java:45) ~[?:?]
	at java.lang.reflect.Constructor.newInstance(Constructor.java:490) ~[?:?]
	at org.spongepowered.asm.mixin.injection.struct.InjectionInfo$InjectorEntry.create(InjectionInfo.java:149) ~[mixin-0.8.4.jar:0.8.4+Jenkins-b308.git-2accda5000f7602229606b39437565542cc6fba4]
	at org.spongepowered.asm.mixin.injection.struct.InjectionInfo.parse(InjectionInfo.java:708) ~[mixin-0.8.4.jar:0.8.4+Jenkins-b308.git-2accda5000f7602229606b39437565542cc6fba4]
	at org.spongepowered.asm.mixin.transformer.MixinTargetContext.prepareInjections(MixinTargetContext.java:1311) ~[mixin-0.8.4.jar:0.8.4+Jenkins-b308.git-2accda5000f7602229606b39437565542cc6fba4]
	at org.spongepowered.asm.mixin.transformer.MixinApplicatorStandard.prepareInjections(MixinApplicatorStandard.java:1042) ~[mixin-0.8.4.jar:0.8.4+Jenkins-b308.git-2accda5000f7602229606b39437565542cc6fba4]
	at org.spongepowered.asm.mixin.transformer.MixinApplicatorStandard.applyMixin(MixinApplicatorStandard.java:393) ~[mixin-0.8.4.jar:0.8.4+Jenkins-b308.git-2accda5000f7602229606b39437565542cc6fba4]
	at org.spongepowered.asm.mixin.transformer.MixinApplicatorStandard.apply(MixinApplicatorStandard.java:325) ~[mixin-0.8.4.jar:0.8.4+Jenkins-b308.git-2accda5000f7602229606b39437565542cc6fba4]
	at org.spongepowered.asm.mixin.transformer.TargetClassContext.apply(TargetClassContext.java:383) ~[mixin-0.8.4.jar:0.8.4+Jenkins-b308.git-2accda5000f7602229606b39437565542cc6fba4]
	at org.spongepowered.asm.mixin.transformer.TargetClassContext.applyMixins(TargetClassContext.java:365) ~[mixin-0.8.4.jar:0.8.4+Jenkins-b308.git-2accda5000f7602229606b39437565542cc6fba4]
	at org.spongepowered.asm.mixin.transformer.MixinProcessor.applyMixins(MixinProcessor.java:363) ~[mixin-0.8.4.jar:0.8.4+Jenkins-b308.git-2accda5000f7602229606b39437565542cc6fba4]
	at org.spongepowered.asm.mixin.transformer.MixinTransformer.transformClass(MixinTransformer.java:250) ~[mixin-0.8.4.jar:0.8.4+Jenkins-b308.git-2accda5000f7602229606b39437565542cc6fba4]
	at org.spongepowered.asm.service.modlauncher.MixinTransformationHandler.processClass(MixinTransformationHandler.java:131) ~[mixin-0.8.4.jar:0.8.4+Jenkins-b308.git-2accda5000f7602229606b39437565542cc6fba4]
	at org.spongepowered.asm.launch.MixinLaunchPluginLegacy.processClass(MixinLaunchPluginLegacy.java:131) ~[mixin-0.8.4.jar:0.8.4+Jenkins-b308.git-2accda5000f7602229606b39437565542cc6fba4]
	at cpw.mods.modlauncher.serviceapi.ILaunchPluginService.processClassWithFlags(ILaunchPluginService.java:154) ~[modlauncher-8.1.3.jar:8.1.3+8.1.3+main-8.1.x.c94d18ec]
	at cpw.mods.modlauncher.LaunchPluginHandler.offerClassNodeToPlugins(LaunchPluginHandler.java:85) ~[modlauncher-8.1.3.jar:?]
	at cpw.mods.modlauncher.ClassTransformer.transform(ClassTransformer.java:120) ~[modlauncher-8.1.3.jar:?]
	at cpw.mods.modlauncher.TransformingClassLoader$DelegatedClassLoader.findClass(TransformingClassLoader.java:265) ~[modlauncher-8.1.3.jar:?]
	at cpw.mods.modlauncher.TransformingClassLoader.loadClass(TransformingClassLoader.java:136) ~[modlauncher-8.1.3.jar:?]
	at cpw.mods.modlauncher.TransformingClassLoader.loadClass(TransformingClassLoader.java:98) ~[modlauncher-8.1.3.jar:?]
	at java.lang.ClassLoader.loadClass(ClassLoader.java:521) ~[?:?]
	at java.lang.ClassLoader.defineClass1(Native Method) ~[?:?]
	at java.lang.ClassLoader.defineClass(ClassLoader.java:1016) ~[?:?]
	at cpw.mods.modlauncher.TransformingClassLoader.loadClass(TransformingClassLoader.java:138) ~[modlauncher-8.1.3.jar:?]
	at cpw.mods.modlauncher.TransformingClassLoader.loadClass(TransformingClassLoader.java:98) ~[modlauncher-8.1.3.jar:?]
	at java.lang.ClassLoader.loadClass(ClassLoader.java:521) ~[?:?]
	at net.minecraft.client.main.Main.main(Main.java:118) ~[forge-1.16.5-36.2.39_mapped_snapshot_20210309-1.16.5-recomp.jar:?]
	at jdk.internal.reflect.NativeMethodAccessorImpl.invoke0(Native Method) ~[?:?]
	at jdk.internal.reflect.NativeMethodAccessorImpl.invoke(NativeMethodAccessorImpl.java:62) ~[?:?]
	at jdk.internal.reflect.DelegatingMethodAccessorImpl.invoke(DelegatingMethodAccessorImpl.java:43) ~[?:?]
	at java.lang.reflect.Method.invoke(Method.java:566) ~[?:?]
	at net.minecraftforge.userdev.FMLUserdevClientLaunchProvider.lambda$launchService$0(FMLUserdevClientLaunchProvider.java:38) ~[forge-1.16.5-36.2.39_mapped_snapshot_20210309-1.16.5-recomp.jar:?]
	at cpw.mods.modlauncher.LaunchServiceHandlerDecorator.launch(LaunchServiceHandlerDecorator.java:37) [modlauncher-8.1.3.jar:?]
	at cpw.mods.modlauncher.LaunchServiceHandler.launch(LaunchServiceHandler.java:54) [modlauncher-8.1.3.jar:?]
	at cpw.mods.modlauncher.LaunchServiceHandler.launch(LaunchServiceHandler.java:72) [modlauncher-8.1.3.jar:?]
	at cpw.mods.modlauncher.Launcher.run(Launcher.java:82) [modlauncher-8.1.3.jar:?]
	at cpw.mods.modlauncher.Launcher.main(Launcher.java:66) [modlauncher-8.1.3.jar:?]
	at net.minecraftforge.userdev.LaunchTesting.main(LaunchTesting.java:94) [forge-1.16.5-36.2.39_mapped_snapshot_20210309-1.16.5-recomp.jar:?]
[16Jan2023 18:58:11.050] [main/INFO] [STDERR/]: [java.lang.ThreadGroup:uncaughtException:1050]: java.lang.RuntimeException: java.lang.reflect.InvocationTargetException
[16Jan2023 18:58:11.050] [main/INFO] [STDERR/]: [java.lang.ThreadGroup:uncaughtException:1050]: 	at cpw.mods.modlauncher.LaunchServiceHandlerDecorator.launch(LaunchServiceHandlerDecorator.java:39)
[16Jan2023 18:58:11.050] [main/INFO] [STDERR/]: [java.lang.ThreadGroup:uncaughtException:1050]: 	at cpw.mods.modlauncher.LaunchServiceHandler.launch(LaunchServiceHandler.java:54)
[16Jan2023 18:58:11.050] [main/INFO] [STDERR/]: [java.lang.ThreadGroup:uncaughtException:1050]: 	at cpw.mods.modlauncher.LaunchServiceHandler.launch(LaunchServiceHandler.java:72)
[16Jan2023 18:58:11.050] [main/INFO] [STDERR/]: [java.lang.ThreadGroup:uncaughtException:1050]: 	at cpw.mods.modlauncher.Launcher.run(Launcher.java:82)
[16Jan2023 18:58:11.050] [main/INFO] [STDERR/]: [java.lang.ThreadGroup:uncaughtException:1050]: 	at cpw.mods.modlauncher.Launcher.main(Launcher.java:66)
[16Jan2023 18:58:11.051] [main/INFO] [STDERR/]: [java.lang.ThreadGroup:uncaughtException:1050]: 	at net.minecraftforge.userdev.LaunchTesting.main(LaunchTesting.java:94)
[16Jan2023 18:58:11.051] [main/INFO] [STDERR/]: [java.lang.ThreadGroup:uncaughtException:1059]: Caused by: java.lang.reflect.InvocationTargetException
[16Jan2023 18:58:11.051] [main/INFO] [STDERR/]: [java.lang.ThreadGroup:uncaughtException:1059]: 	at java.base/jdk.internal.reflect.NativeMethodAccessorImpl.invoke0(Native Method)
[16Jan2023 18:58:11.051] [main/INFO] [STDERR/]: [java.lang.ThreadGroup:uncaughtException:1059]: 	at java.base/jdk.internal.reflect.NativeMethodAccessorImpl.invoke(NativeMethodAccessorImpl.java:62)
[16Jan2023 18:58:11.051] [main/INFO] [STDERR/]: [java.lang.ThreadGroup:uncaughtException:1059]: 	at java.base/jdk.internal.reflect.DelegatingMethodAccessorImpl.invoke(DelegatingMethodAccessorImpl.java:43)
[16Jan2023 18:58:11.051] [main/INFO] [STDERR/]: [java.lang.ThreadGroup:uncaughtException:1059]: 	at java.base/java.lang.reflect.Method.invoke(Method.java:566)
[16Jan2023 18:58:11.051] [main/INFO] [STDERR/]: [java.lang.ThreadGroup:uncaughtException:1059]: 	at net.minecraftforge.userdev.FMLUserdevClientLaunchProvider.lambda$launchService$0(FMLUserdevClientLaunchProvider.java:38)
[16Jan2023 18:58:11.051] [main/INFO] [STDERR/]: [java.lang.ThreadGroup:uncaughtException:1059]: 	at cpw.mods.modlauncher.LaunchServiceHandlerDecorator.launch(LaunchServiceHandlerDecorator.java:37)
[16Jan2023 18:58:11.051] [main/INFO] [STDERR/]: [java.lang.ThreadGroup:uncaughtException:1059]: 	... 5 more
[16Jan2023 18:58:11.052] [main/INFO] [STDERR/]: [java.lang.Throwable:printStackTrace:648]: Caused by: org.spongepowered.asm.mixin.transformer.throwables.MixinTransformerError: An unexpected critical error was encountered
[16Jan2023 18:58:11.052] [main/INFO] [STDERR/]: [java.lang.Throwable:printStackTrace:648]: 	at org.spongepowered.asm.mixin.transformer.MixinProcessor.applyMixins(MixinProcessor.java:392)
[16Jan2023 18:58:11.052] [main/INFO] [STDERR/]: [java.lang.Throwable:printStackTrace:648]: 	at org.spongepowered.asm.mixin.transformer.MixinTransformer.transformClass(MixinTransformer.java:250)
[16Jan2023 18:58:11.052] [main/INFO] [STDERR/]: [java.lang.Throwable:printStackTrace:648]: 	at org.spongepowered.asm.service.modlauncher.MixinTransformationHandler.processClass(MixinTransformationHandler.java:131)
[16Jan2023 18:58:11.052] [main/INFO] [STDERR/]: [java.lang.Throwable:printStackTrace:648]: 	at org.spongepowered.asm.launch.MixinLaunchPluginLegacy.processClass(MixinLaunchPluginLegacy.java:131)
[16Jan2023 18:58:11.052] [main/INFO] [STDERR/]: [java.lang.Throwable:printStackTrace:648]: 	at cpw.mods.modlauncher.serviceapi.ILaunchPluginService.processClassWithFlags(ILaunchPluginService.java:154)
[16Jan2023 18:58:11.052] [main/INFO] [STDERR/]: [java.lang.Throwable:printStackTrace:648]: 	at cpw.mods.modlauncher.LaunchPluginHandler.offerClassNodeToPlugins(LaunchPluginHandler.java:85)
[16Jan2023 18:58:11.052] [main/INFO] [STDERR/]: [java.lang.Throwable:printStackTrace:648]: 	at cpw.mods.modlauncher.ClassTransformer.transform(ClassTransformer.java:120)
[16Jan2023 18:58:11.052] [main/INFO] [STDERR/]: [java.lang.Throwable:printStackTrace:648]: 	at cpw.mods.modlauncher.TransformingClassLoader$DelegatedClassLoader.findClass(TransformingClassLoader.java:265)
[16Jan2023 18:58:11.053] [main/INFO] [STDERR/]: [java.lang.Throwable:printStackTrace:648]: 	at cpw.mods.modlauncher.TransformingClassLoader.loadClass(TransformingClassLoader.java:136)
[16Jan2023 18:58:11.053] [main/INFO] [STDERR/]: [java.lang.Throwable:printStackTrace:648]: 	at cpw.mods.modlauncher.TransformingClassLoader.loadClass(TransformingClassLoader.java:98)
[16Jan2023 18:58:11.053] [main/INFO] [STDERR/]: [java.lang.Throwable:printStackTrace:648]: 	at java.base/java.lang.ClassLoader.loadClass(ClassLoader.java:521)
[16Jan2023 18:58:11.053] [main/INFO] [STDERR/]: [java.lang.Throwable:printStackTrace:648]: 	at java.base/java.lang.ClassLoader.defineClass1(Native Method)
[16Jan2023 18:58:11.053] [main/INFO] [STDERR/]: [java.lang.Throwable:printStackTrace:648]: 	at java.base/java.lang.ClassLoader.defineClass(ClassLoader.java:1016)
[16Jan2023 18:58:11.053] [main/INFO] [STDERR/]: [java.lang.Throwable:printStackTrace:648]: 	at cpw.mods.modlauncher.TransformingClassLoader.loadClass(TransformingClassLoader.java:138)
[16Jan2023 18:58:11.053] [main/INFO] [STDERR/]: [java.lang.Throwable:printStackTrace:648]: 	at cpw.mods.modlauncher.TransformingClassLoader.loadClass(TransformingClassLoader.java:98)
[16Jan2023 18:58:11.053] [main/INFO] [STDERR/]: [java.lang.Throwable:printStackTrace:648]: 	at java.base/java.lang.ClassLoader.loadClass(ClassLoader.java:521)
[16Jan2023 18:58:11.053] [main/INFO] [STDERR/]: [java.lang.Throwable:printStackTrace:648]: 	at net.minecraft.client.main.Main.main(Main.java:118)
[16Jan2023 18:58:11.053] [main/INFO] [STDERR/]: [java.lang.Throwable:printStackTrace:648]: 	... 11 more
[16Jan2023 18:58:11.054] [main/INFO] [STDERR/]: [java.lang.Throwable:printStackTrace:671]: Caused by: org.spongepowered.asm.mixin.throwables.MixinApplyError: Mixin [cgm.mixins.json:common.LivingEntityMixin] from phase [DEFAULT] in config [cgm.mixins.json] FAILED during APPLY
[16Jan2023 18:58:11.054] [main/INFO] [STDERR/]: [java.lang.Throwable:printStackTrace:671]: 	at org.spongepowered.asm.mixin.transformer.MixinProcessor.handleMixinError(MixinProcessor.java:636)
[16Jan2023 18:58:11.054] [main/INFO] [STDERR/]: [java.lang.Throwable:printStackTrace:671]: 	at org.spongepowered.asm.mixin.transformer.MixinProcessor.handleMixinApplyError(MixinProcessor.java:588)
[16Jan2023 18:58:11.054] [main/INFO] [STDERR/]: [java.lang.Throwable:printStackTrace:671]: 	at org.spongepowered.asm.mixin.transformer.MixinProcessor.applyMixins(MixinProcessor.java:379)
[16Jan2023 18:58:11.054] [main/INFO] [STDERR/]: [java.lang.Throwable:printStackTrace:671]: 	... 27 more
[16Jan2023 18:58:11.054] [main/INFO] [STDERR/]: [java.lang.Throwable:printEnclosedStackTrace:713]: Caused by: org.spongepowered.asm.mixin.injection.throwables.InvalidInjectionException: Critical injection failure: @Inject annotation on capture could not find any targets matching 'Lnet/minecraft/entity/LivingEntity;func_70097_a(Lnet/minecraft/util/DamageSource;F)Z' in net.minecraft.entity.LivingEntity. Using refmap cgm.refmap.json [PREINJECT Applicator Phase -> cgm.mixins.json:common.LivingEntityMixin -> Prepare Injections ->  -> handler$zzi000$capture(Lnet/minecraft/util/DamageSource;FLorg/spongepowered/asm/mixin/injection/callback/CallbackInfoReturnable;)V -> Parse]
[16Jan2023 18:58:11.054] [main/INFO] [STDERR/]: [java.lang.Throwable:printEnclosedStackTrace:713]: 	at org.spongepowered.asm.mixin.injection.struct.InjectionInfo.validateTargets(InjectionInfo.java:656)
[16Jan2023 18:58:11.055] [main/INFO] [STDERR/]: [java.lang.Throwable:printEnclosedStackTrace:713]: 	at org.spongepowered.asm.mixin.injection.struct.InjectionInfo.findTargets(InjectionInfo.java:587)
[16Jan2023 18:58:11.055] [main/INFO] [STDERR/]: [java.lang.Throwable:printEnclosedStackTrace:713]: 	at org.spongepowered.asm.mixin.injection.struct.InjectionInfo.readAnnotation(InjectionInfo.java:330)
[16Jan2023 18:58:11.055] [main/INFO] [STDERR/]: [java.lang.Throwable:printEnclosedStackTrace:713]: 	at org.spongepowered.asm.mixin.injection.struct.InjectionInfo.<init>(InjectionInfo.java:316)
[16Jan2023 18:58:11.055] [main/INFO] [STDERR/]: [java.lang.Throwable:printEnclosedStackTrace:713]: 	at org.spongepowered.asm.mixin.injection.struct.InjectionInfo.<init>(InjectionInfo.java:308)
[16Jan2023 18:58:11.055] [main/INFO] [STDERR/]: [java.lang.Throwable:printEnclosedStackTrace:713]: 	at org.spongepowered.asm.mixin.injection.struct.CallbackInjectionInfo.<init>(CallbackInjectionInfo.java:46)
[16Jan2023 18:58:11.055] [main/INFO] [STDERR/]: [java.lang.Throwable:printEnclosedStackTrace:713]: 	at java.base/jdk.internal.reflect.NativeConstructorAccessorImpl.newInstance0(Native Method)
[16Jan2023 18:58:11.055] [main/INFO] [STDERR/]: [java.lang.Throwable:printEnclosedStackTrace:713]: 	at java.base/jdk.internal.reflect.NativeConstructorAccessorImpl.newInstance(NativeConstructorAccessorImpl.java:62)
[16Jan2023 18:58:11.055] [main/INFO] [STDERR/]: [java.lang.Throwable:printEnclosedStackTrace:713]: 	at java.base/jdk.internal.reflect.DelegatingConstructorAccessorImpl.newInstance(DelegatingConstructorAccessorImpl.java:45)
[16Jan2023 18:58:11.055] [main/INFO] [STDERR/]: [java.lang.Throwable:printEnclosedStackTrace:713]: 	at java.base/java.lang.reflect.Constructor.newInstance(Constructor.java:490)
[16Jan2023 18:58:11.055] [main/INFO] [STDERR/]: [java.lang.Throwable:printEnclosedStackTrace:713]: 	at org.spongepowered.asm.mixin.injection.struct.InjectionInfo$InjectorEntry.create(InjectionInfo.java:149)
[16Jan2023 18:58:11.056] [main/INFO] [STDERR/]: [java.lang.Throwable:printEnclosedStackTrace:713]: 	at org.spongepowered.asm.mixin.injection.struct.InjectionInfo.parse(InjectionInfo.java:708)
[16Jan2023 18:58:11.056] [main/INFO] [STDERR/]: [java.lang.Throwable:printEnclosedStackTrace:713]: 	at org.spongepowered.asm.mixin.transformer.MixinTargetContext.prepareInjections(MixinTargetContext.java:1311)
[16Jan2023 18:58:11.056] [main/INFO] [STDERR/]: [java.lang.Throwable:printEnclosedStackTrace:713]: 	at org.spongepowered.asm.mixin.transformer.MixinApplicatorStandard.prepareInjections(MixinApplicatorStandard.java:1042)
[16Jan2023 18:58:11.056] [main/INFO] [STDERR/]: [java.lang.Throwable:printEnclosedStackTrace:713]: 	at org.spongepowered.asm.mixin.transformer.MixinApplicatorStandard.applyMixin(MixinApplicatorStandard.java:393)
[16Jan2023 18:58:11.056] [main/INFO] [STDERR/]: [java.lang.Throwable:printEnclosedStackTrace:713]: 	at org.spongepowered.asm.mixin.transformer.MixinApplicatorStandard.apply(MixinApplicatorStandard.java:325)
[16Jan2023 18:58:11.056] [main/INFO] [STDERR/]: [java.lang.Throwable:printEnclosedStackTrace:713]: 	at org.spongepowered.asm.mixin.transformer.TargetClassContext.apply(TargetClassContext.java:383)
[16Jan2023 18:58:11.056] [main/INFO] [STDERR/]: [java.lang.Throwable:printEnclosedStackTrace:713]: 	at org.spongepowered.asm.mixin.transformer.TargetClassContext.applyMixins(TargetClassContext.java:365)
[16Jan2023 18:58:11.056] [main/INFO] [STDERR/]: [java.lang.Throwable:printEnclosedStackTrace:713]: 	at org.spongepowered.asm.mixin.transformer.MixinProcessor.applyMixins(MixinProcessor.java:363)
[16Jan2023 18:58:11.056] [main/INFO] [STDERR/]: [java.lang.Throwable:printEnclosedStackTrace:713]: 	... 27 more
